<?xml version="1.0" encoding="UTF-8"?>
<!-- Generated by org.testng.reporters.JUnitXMLReporter -->
<testsuite hostname="Gerardos-MBP.home" name="Learning assertions" tests="3" failures="0" timestamp="14 Oct 2016 20:01:22 GMT" time="0.046" errors="0">
  <testcase name="testA1" time="0.011" classname="Com.DataDrivenFramework.TestCases.DummyTestA"/>
  <testcase name="testA2" time="0.002" classname="Com.DataDrivenFramework.TestCases.DummyTestA"/>
  <testcase name="testA3" time="0.002" classname="Com.DataDrivenFramework.TestCases.DummyTestA"/>
</testsuite> <!-- Learning assertions -->
